gatlingsimulations.HttpSimulation6	httpsimulation6	RUN	1535483426221	 	2.0
Scenario1	2462797026749861307-0	USER	START	1535483426234	0
Scenario1	2462797026749861307-0	REQUEST		myRequest1	1535483426249	1535483426300	1535483426319	1535483426319	OK	 
Scenario1	2462797026749861307-0	REQUEST		myRequest1 Redirect 1	1535483426325	1535483426325	1535483426348	1535483426348	OK	 
Scenario1	2462797026749861307-0	USER	END	1535483426234	1535483426366
Scenario1	2462797026749861307-1	USER	START	1535483426499	0
Scenario1	2462797026749861307-1	REQUEST		myRequest1	1535483426500	1535483426520	1535483426541	1535483426541	OK	 
Scenario1	2462797026749861307-1	REQUEST		myRequest1 Redirect 1	1535483426542	1535483426542	1535483426567	1535483426567	OK	 
Scenario1	2462797026749861307-1	USER	END	1535483426499	1535483426569
Scenario1	2462797026749861307-2	USER	START	1535483426750	0
Scenario1	2462797026749861307-2	REQUEST		myRequest1	1535483426751	1535483426770	1535483426791	1535483426791	OK	 
Scenario1	2462797026749861307-2	REQUEST		myRequest1 Redirect 1	1535483426791	1535483426791	1535483426812	1535483426812	OK	 
Scenario1	2462797026749861307-2	USER	END	1535483426750	1535483426813
Scenario1	2462797026749861307-3	USER	START	1535483426999	0
Scenario1	2462797026749861307-3	REQUEST		myRequest1	1535483426999	1535483427018	1535483427037	1535483427037	OK	 
Scenario1	2462797026749861307-3	REQUEST		myRequest1 Redirect 1	1535483427037	1535483427037	1535483427059	1535483427059	OK	 
Scenario1	2462797026749861307-3	USER	END	1535483426999	1535483427060
Scenario1	2462797026749861307-4	USER	START	1535483427249	0
Scenario1	2462797026749861307-4	REQUEST		myRequest1	1535483427250	1535483427276	1535483427297	1535483427297	OK	 
Scenario1	2462797026749861307-4	REQUEST		myRequest1 Redirect 1	1535483427298	1535483427299	1535483427326	1535483427326	OK	 
Scenario1	2462797026749861307-4	USER	END	1535483427249	1535483427327
Scenario1	2462797026749861307-5	USER	START	1535483427496	0
Scenario1	2462797026749861307-5	REQUEST		myRequest1	1535483427497	1535483427517	1535483427539	1535483427539	OK	 
Scenario1	2462797026749861307-5	REQUEST		myRequest1 Redirect 1	1535483427540	1535483427541	1535483427574	1535483427574	OK	 
Scenario1	2462797026749861307-5	USER	END	1535483427496	1535483427576
Scenario1	2462797026749861307-6	USER	START	1535483427745	0
Scenario1	2462797026749861307-6	REQUEST		myRequest1	1535483427746	1535483427770	1535483427790	1535483427790	OK	 
Scenario1	2462797026749861307-6	REQUEST		myRequest1 Redirect 1	1535483427791	1535483427792	1535483427819	1535483427820	OK	 
Scenario1	2462797026749861307-6	USER	END	1535483427745	1535483427821
Scenario1	2462797026749861307-7	USER	START	1535483427998	0
Scenario1	2462797026749861307-7	REQUEST		myRequest1	1535483427999	1535483428021	1535483428042	1535483428042	OK	 
Scenario1	2462797026749861307-7	REQUEST		myRequest1 Redirect 1	1535483428042	1535483428043	1535483428064	1535483428064	OK	 
Scenario1	2462797026749861307-7	USER	END	1535483427998	1535483428065
Scenario1	2462797026749861307-8	USER	START	1535483428248	0
Scenario1	2462797026749861307-8	REQUEST		myRequest1	1535483428248	1535483428268	1535483428288	1535483428288	OK	 
Scenario1	2462797026749861307-8	REQUEST		myRequest1 Redirect 1	1535483428289	1535483428290	1535483428313	1535483428313	OK	 
Scenario1	2462797026749861307-8	USER	END	1535483428248	1535483428315
Scenario1	2462797026749861307-9	USER	START	1535483428495	0
Scenario1	2462797026749861307-9	REQUEST		myRequest1	1535483428496	1535483428516	1535483428536	1535483428536	OK	 
Scenario1	2462797026749861307-9	REQUEST		myRequest1 Redirect 1	1535483428537	1535483428538	1535483428569	1535483428569	OK	 
Scenario1	2462797026749861307-9	USER	END	1535483428495	1535483428570
Scenario1	2462797026749861307-10	USER	START	1535483428749	0
Scenario1	2462797026749861307-10	REQUEST		myRequest1	1535483428750	1535483428770	1535483428797	1535483428797	OK	 
Scenario1	2462797026749861307-10	REQUEST		myRequest1 Redirect 1	1535483428798	1535483428799	1535483428827	1535483428827	OK	 
Scenario1	2462797026749861307-10	USER	END	1535483428749	1535483428828
Scenario1	2462797026749861307-11	USER	START	1535483428999	0
Scenario1	2462797026749861307-11	REQUEST		myRequest1	1535483428999	1535483429021	1535483429045	1535483429045	OK	 
Scenario1	2462797026749861307-11	REQUEST		myRequest1 Redirect 1	1535483429046	1535483429047	1535483429071	1535483429071	OK	 
Scenario1	2462797026749861307-11	USER	END	1535483428999	1535483429074
Scenario1	2462797026749861307-12	USER	START	1535483429249	0
Scenario1	2462797026749861307-12	REQUEST		myRequest1	1535483429249	1535483429270	1535483429290	1535483429290	OK	 
Scenario1	2462797026749861307-12	REQUEST		myRequest1 Redirect 1	1535483429291	1535483429292	1535483429316	1535483429316	OK	 
Scenario1	2462797026749861307-12	USER	END	1535483429249	1535483429318
Scenario1	2462797026749861307-13	USER	START	1535483429496	0
Scenario1	2462797026749861307-13	REQUEST		myRequest1	1535483429497	1535483429519	1535483429542	1535483429542	OK	 
Scenario1	2462797026749861307-13	REQUEST		myRequest1 Redirect 1	1535483429543	1535483429544	1535483429570	1535483429570	OK	 
Scenario1	2462797026749861307-13	USER	END	1535483429496	1535483429573
Scenario1	2462797026749861307-14	USER	START	1535483429747	0
Scenario1	2462797026749861307-14	REQUEST		myRequest1	1535483429748	1535483429770	1535483429791	1535483429791	OK	 
Scenario1	2462797026749861307-14	REQUEST		myRequest1 Redirect 1	1535483429792	1535483429793	1535483429826	1535483429826	OK	 
Scenario1	2462797026749861307-14	USER	END	1535483429747	1535483429828
Scenario1	2462797026749861307-15	USER	START	1535483429996	0
Scenario1	2462797026749861307-15	REQUEST		myRequest1	1535483429996	1535483430024	1535483430045	1535483430045	OK	 
Scenario1	2462797026749861307-15	REQUEST		myRequest1 Redirect 1	1535483430046	1535483430047	1535483430073	1535483430073	OK	 
Scenario1	2462797026749861307-15	USER	END	1535483429996	1535483430075
Scenario1	2462797026749861307-16	USER	START	1535483430247	0
Scenario1	2462797026749861307-16	REQUEST		myRequest1	1535483430247	1535483430268	1535483430288	1535483430288	OK	 
Scenario1	2462797026749861307-16	REQUEST		myRequest1 Redirect 1	1535483430290	1535483430291	1535483430317	1535483430317	OK	 
Scenario1	2462797026749861307-16	USER	END	1535483430247	1535483430323
Scenario1	2462797026749861307-17	USER	START	1535483430500	0
Scenario1	2462797026749861307-17	REQUEST		myRequest1	1535483430501	1535483430521	1535483430542	1535483430542	OK	 
Scenario1	2462797026749861307-17	REQUEST		myRequest1 Redirect 1	1535483430543	1535483430544	1535483430568	1535483430568	OK	 
Scenario1	2462797026749861307-17	USER	END	1535483430500	1535483430571
Scenario1	2462797026749861307-18	USER	START	1535483430747	0
Scenario1	2462797026749861307-18	REQUEST		myRequest1	1535483430747	1535483430768	1535483430788	1535483430788	OK	 
Scenario1	2462797026749861307-18	REQUEST		myRequest1 Redirect 1	1535483430789	1535483430791	1535483430814	1535483430814	OK	 
Scenario1	2462797026749861307-18	USER	END	1535483430747	1535483430817
Scenario1	2462797026749861307-19	USER	START	1535483430997	0
Scenario1	2462797026749861307-19	REQUEST		myRequest1	1535483430998	1535483431018	1535483431038	1535483431038	OK	 
Scenario1	2462797026749861307-19	REQUEST		myRequest1 Redirect 1	1535483431039	1535483431039	1535483431062	1535483431062	OK	 
Scenario1	2462797026749861307-19	USER	END	1535483430997	1535483431064
