gatlingsimulations.HttpSimulation4	httpsimulation4	RUN	1534505611390	 	2.0
Scenario1	3328619254346723393-0	USER	START	1534505611490	0
Scenario1	3328619254346723393-0	REQUEST		myRequest1	1534505611599	1534505611749	1534505611772	1534505611772	OK	 
Scenario1	3328619254346723393-0	REQUEST		myRequest1 Redirect 1	1534505611805	1534505611947	1534505612008	1534505612027	OK	 
Scenario1	3328619254346723393-0	USER	END	1534505611490	1534505612114
Scenario1	3328619254346723393-1	USER	START	1534505612722	0
Scenario1	3328619254346723393-1	REQUEST		myRequest1	1534505612724	1534505612752	1534505612823	1534505612823	OK	 
Scenario1	3328619254346723393-1	REQUEST		myRequest1 Redirect 1	1534505612824	1534505612856	1534505612959	1534505612980	OK	 
Scenario1	3328619254346723393-1	USER	END	1534505612722	1534505612985
Scenario1	3328619254346723393-2	USER	START	1534505613922	0
Scenario1	3328619254346723393-2	REQUEST		myRequest1	1534505613923	1534505613959	1534505614030	1534505614030	OK	 
Scenario1	3328619254346723393-2	REQUEST		myRequest1 Redirect 1	1534505614031	1534505614055	1534505614156	1534505614178	OK	 
Scenario1	3328619254346723393-2	USER	END	1534505613922	1534505614181
Scenario1	3328619254346723393-3	USER	START	1534505615120	0
Scenario1	3328619254346723393-3	REQUEST		myRequest1	1534505615121	1534505615147	1534505615222	1534505615222	OK	 
Scenario1	3328619254346723393-3	REQUEST		myRequest1 Redirect 1	1534505615223	1534505615249	1534505615350	1534505615369	OK	 
Scenario1	3328619254346723393-3	USER	END	1534505615120	1534505615376
Scenario1	3328619254346723393-4	USER	START	1534505616323	0
Scenario1	3328619254346723393-4	REQUEST		myRequest1	1534505616324	1534505616347	1534505616417	1534505616417	OK	 
Scenario1	3328619254346723393-4	REQUEST		myRequest1 Redirect 1	1534505616417	1534505616440	1534505616539	1534505616559	OK	 
Scenario1	3328619254346723393-4	USER	END	1534505616323	1534505616562
Scenario1	3328619254346723393-5	USER	START	1534505617521	0
Scenario1	3328619254346723393-5	REQUEST		myRequest1	1534505617522	1534505617547	1534505617622	1534505617622	OK	 
Scenario1	3328619254346723393-5	REQUEST		myRequest1 Redirect 1	1534505617624	1534505617657	1534505617772	1534505617808	OK	 
Scenario1	3328619254346723393-5	USER	END	1534505617521	1534505617812
Scenario1	3328619254346723393-6	USER	START	1534505618720	0
Scenario1	3328619254346723393-6	REQUEST		myRequest1	1534505618720	1534505618747	1534505618817	1534505618817	OK	 
Scenario1	3328619254346723393-6	REQUEST		myRequest1 Redirect 1	1534505618818	1534505618841	1534505618942	1534505618961	OK	 
Scenario1	3328619254346723393-6	USER	END	1534505618720	1534505618965
Scenario1	3328619254346723393-7	USER	START	1534505619922	0
Scenario1	3328619254346723393-7	REQUEST		myRequest1	1534505619922	1534505619948	1534505620019	1534505620019	OK	 
Scenario1	3328619254346723393-7	REQUEST		myRequest1 Redirect 1	1534505620020	1534505620046	1534505620147	1534505620169	OK	 
Scenario1	3328619254346723393-7	USER	END	1534505619922	1534505620172
Scenario1	3328619254346723393-8	USER	START	1534505621125	0
Scenario1	3328619254346723393-8	REQUEST		myRequest1	1534505621126	1534505621157	1534505621227	1534505621227	OK	 
Scenario1	3328619254346723393-8	REQUEST		myRequest1 Redirect 1	1534505621228	1534505621252	1534505621356	1534505621377	OK	 
Scenario1	3328619254346723393-8	USER	END	1534505621125	1534505621380
Scenario1	3328619254346723393-9	USER	START	1534505622321	0
Scenario1	3328619254346723393-9	REQUEST		myRequest1	1534505622321	1534505622348	1534505622419	1534505622419	OK	 
Scenario1	3328619254346723393-9	REQUEST		myRequest1 Redirect 1	1534505622420	1534505622443	1534505622546	1534505622591	OK	 
Scenario1	3328619254346723393-9	USER	END	1534505622321	1534505622595
Scenario1	3328619254346723393-10	USER	START	1534505623502	0
Scenario1	3328619254346723393-10	REQUEST		myRequest1	1534505623503	1534505623532	1534505623603	1534505623603	OK	 
Scenario1	3328619254346723393-10	REQUEST		myRequest1 Redirect 1	1534505623604	1534505623632	1534505623735	1534505623754	OK	 
Scenario1	3328619254346723393-10	USER	END	1534505623502	1534505623757
Scenario1	3328619254346723393-11	USER	START	1534505624704	0
Scenario1	3328619254346723393-11	REQUEST		myRequest1	1534505624704	1534505624741	1534505624821	1534505624821	OK	 
Scenario1	3328619254346723393-11	REQUEST		myRequest1 Redirect 1	1534505624822	1534505624883	1534505624989	1534505625008	OK	 
Scenario1	3328619254346723393-11	USER	END	1534505624704	1534505625014
Scenario1	3328619254346723393-12	USER	START	1534505625902	0
Scenario1	3328619254346723393-12	REQUEST		myRequest1	1534505625903	1534505625935	1534505626005	1534505626005	OK	 
Scenario1	3328619254346723393-12	REQUEST		myRequest1 Redirect 1	1534505626006	1534505626029	1534505626140	1534505626156	OK	 
Scenario1	3328619254346723393-12	USER	END	1534505625902	1534505626159
Scenario1	3328619254346723393-13	USER	START	1534505627102	0
Scenario1	3328619254346723393-13	REQUEST		myRequest1	1534505627102	1534505627135	1534505627199	1534505627199	OK	 
Scenario1	3328619254346723393-13	REQUEST		myRequest1 Redirect 1	1534505627200	1534505627228	1534505627332	1534505627350	OK	 
Scenario1	3328619254346723393-13	USER	END	1534505627102	1534505627354
Scenario1	3328619254346723393-14	USER	START	1534505628303	0
Scenario1	3328619254346723393-14	REQUEST		myRequest1	1534505628304	1534505628329	1534505628399	1534505628399	OK	 
Scenario1	3328619254346723393-14	REQUEST		myRequest1 Redirect 1	1534505628400	1534505628424	1534505628531	1534505628550	OK	 
Scenario1	3328619254346723393-14	USER	END	1534505628303	1534505628552
Scenario1	3328619254346723393-15	USER	START	1534505629500	0
Scenario1	3328619254346723393-15	REQUEST		myRequest1	1534505629500	1534505629523	1534505629593	1534505629593	OK	 
Scenario1	3328619254346723393-15	REQUEST		myRequest1 Redirect 1	1534505629594	1534505629618	1534505629725	1534505629744	OK	 
Scenario1	3328619254346723393-15	USER	END	1534505629500	1534505629747
Scenario1	3328619254346723393-16	USER	START	1534505630703	0
Scenario1	3328619254346723393-16	REQUEST		myRequest1	1534505630704	1534505630729	1534505630811	1534505630811	OK	 
Scenario1	3328619254346723393-16	REQUEST		myRequest1 Redirect 1	1534505630812	1534505630834	1534505630939	1534505630978	OK	 
Scenario1	3328619254346723393-16	USER	END	1534505630703	1534505630982
Scenario1	3328619254346723393-17	USER	START	1534505631900	0
Scenario1	3328619254346723393-17	REQUEST		myRequest1	1534505631901	1534505631926	1534505631998	1534505631998	OK	 
Scenario1	3328619254346723393-17	REQUEST		myRequest1 Redirect 1	1534505632000	1534505632029	1534505632132	1534505632165	OK	 
Scenario1	3328619254346723393-17	USER	END	1534505631900	1534505632168
Scenario1	3328619254346723393-18	USER	START	1534505633115	0
Scenario1	3328619254346723393-18	REQUEST		myRequest1	1534505633115	1534505633138	1534505633210	1534505633210	OK	 
Scenario1	3328619254346723393-18	REQUEST		myRequest1 Redirect 1	1534505633211	1534505633235	1534505633343	1534505633369	OK	 
Scenario1	3328619254346723393-18	USER	END	1534505633115	1534505633372
Scenario1	3328619254346723393-19	USER	START	1534505634311	0
Scenario1	3328619254346723393-19	REQUEST		myRequest1	1534505634312	1534505634339	1534505634409	1534505634409	OK	 
Scenario1	3328619254346723393-19	REQUEST		myRequest1 Redirect 1	1534505634411	1534505634446	1534505634544	1534505634567	OK	 
Scenario1	3328619254346723393-19	USER	END	1534505634311	1534505634569
Scenario1	3328619254346723393-20	USER	START	1534505635512	0
Scenario1	3328619254346723393-20	REQUEST		myRequest1	1534505635513	1534505635534	1534505635604	1534505635604	OK	 
Scenario1	3328619254346723393-20	REQUEST		myRequest1 Redirect 1	1534505635605	1534505635627	1534505635725	1534505635743	OK	 
Scenario1	3328619254346723393-20	USER	END	1534505635512	1534505635745
Scenario1	3328619254346723393-21	USER	START	1534505636713	0
Scenario1	3328619254346723393-21	REQUEST		myRequest1	1534505636713	1534505636736	1534505636858	1534505636858	OK	 
Scenario1	3328619254346723393-21	REQUEST		myRequest1 Redirect 1	1534505636858	1534505636899	1534505637008	1534505637031	OK	 
Scenario1	3328619254346723393-21	USER	END	1534505636713	1534505637034
Scenario1	3328619254346723393-22	USER	START	1534505637910	0
Scenario1	3328619254346723393-22	REQUEST		myRequest1	1534505637912	1534505637939	1534505638011	1534505638011	OK	 
Scenario1	3328619254346723393-22	REQUEST		myRequest1 Redirect 1	1534505638012	1534505638033	1534505638131	1534505638157	OK	 
Scenario1	3328619254346723393-22	USER	END	1534505637910	1534505638160
Scenario1	3328619254346723393-23	USER	START	1534505639110	0
Scenario1	3328619254346723393-23	REQUEST		myRequest1	1534505639112	1534505639136	1534505639209	1534505639209	OK	 
Scenario1	3328619254346723393-23	REQUEST		myRequest1 Redirect 1	1534505639212	1534505639241	1534505639349	1534505639365	OK	 
Scenario1	3328619254346723393-23	USER	END	1534505639110	1534505639367
Scenario1	3328619254346723393-24	USER	START	1534505640318	0
Scenario1	3328619254346723393-24	REQUEST		myRequest1	1534505640319	1534505640346	1534505640426	1534505640426	OK	 
Scenario1	3328619254346723393-24	REQUEST		myRequest1 Redirect 1	1534505640427	1534505640450	1534505640547	1534505640567	OK	 
Scenario1	3328619254346723393-24	USER	END	1534505640318	1534505640570
Scenario1	3328619254346723393-25	USER	START	1534505641510	0
Scenario1	3328619254346723393-25	REQUEST		myRequest1	1534505641510	1534505641534	1534505641605	1534505641605	OK	 
Scenario1	3328619254346723393-25	REQUEST		myRequest1 Redirect 1	1534505641607	1534505641628	1534505641731	1534505641751	OK	 
Scenario1	3328619254346723393-25	USER	END	1534505641510	1534505641757
Scenario1	3328619254346723393-26	USER	START	1534505642710	0
Scenario1	3328619254346723393-26	REQUEST		myRequest1	1534505642711	1534505642734	1534505642805	1534505642805	OK	 
Scenario1	3328619254346723393-26	REQUEST		myRequest1 Redirect 1	1534505642806	1534505642830	1534505642939	1534505642957	OK	 
Scenario1	3328619254346723393-26	USER	END	1534505642710	1534505642960
Scenario1	3328619254346723393-27	USER	START	1534505643894	0
Scenario1	3328619254346723393-27	REQUEST		myRequest1	1534505643895	1534505643921	1534505643992	1534505643992	OK	 
Scenario1	3328619254346723393-27	REQUEST		myRequest1 Redirect 1	1534505643992	1534505644014	1534505644114	1534505644134	OK	 
Scenario1	3328619254346723393-27	USER	END	1534505643894	1534505644139
Scenario1	3328619254346723393-28	USER	START	1534505645093	0
Scenario1	3328619254346723393-28	REQUEST		myRequest1	1534505645094	1534505645116	1534505645188	1534505645188	OK	 
Scenario1	3328619254346723393-28	REQUEST		myRequest1 Redirect 1	1534505645189	1534505645209	1534505645311	1534505645330	OK	 
Scenario1	3328619254346723393-28	USER	END	1534505645093	1534505645332
Scenario1	3328619254346723393-29	USER	START	1534505646292	0
Scenario1	3328619254346723393-29	REQUEST		myRequest1	1534505646293	1534505646318	1534505646388	1534505646388	OK	 
Scenario1	3328619254346723393-29	REQUEST		myRequest1 Redirect 1	1534505646389	1534505646412	1534505646518	1534505646543	OK	 
Scenario1	3328619254346723393-29	USER	END	1534505646292	1534505646547
Scenario1	3328619254346723393-30	USER	START	1534505647493	0
Scenario1	3328619254346723393-30	REQUEST		myRequest1	1534505647494	1534505647517	1534505647587	1534505647587	OK	 
Scenario1	3328619254346723393-30	REQUEST		myRequest1 Redirect 1	1534505647588	1534505647609	1534505647711	1534505647731	OK	 
Scenario1	3328619254346723393-30	USER	END	1534505647493	1534505647732
Scenario1	3328619254346723393-31	USER	START	1534505648692	0
Scenario1	3328619254346723393-31	REQUEST		myRequest1	1534505648694	1534505648721	1534505648793	1534505648793	OK	 
Scenario1	3328619254346723393-31	REQUEST		myRequest1 Redirect 1	1534505648794	1534505648816	1534505648927	1534505648964	OK	 
Scenario1	3328619254346723393-31	USER	END	1534505648692	1534505648967
Scenario1	3328619254346723393-32	USER	START	1534505649890	0
Scenario1	3328619254346723393-32	REQUEST		myRequest1	1534505649890	1534505649914	1534505649985	1534505649985	OK	 
Scenario1	3328619254346723393-32	REQUEST		myRequest1 Redirect 1	1534505649987	1534505650010	1534505650108	1534505650138	OK	 
Scenario1	3328619254346723393-32	USER	END	1534505649890	1534505650139
Scenario1	3328619254346723393-33	USER	START	1534505651090	0
Scenario1	3328619254346723393-33	REQUEST		myRequest1	1534505651091	1534505651114	1534505651188	1534505651188	OK	 
Scenario1	3328619254346723393-33	REQUEST		myRequest1 Redirect 1	1534505651188	1534505651216	1534505651329	1534505651349	OK	 
Scenario1	3328619254346723393-33	USER	END	1534505651090	1534505651353
Scenario1	3328619254346723393-34	USER	START	1534505652290	0
Scenario1	3328619254346723393-34	REQUEST		myRequest1	1534505652291	1534505652314	1534505652390	1534505652390	OK	 
Scenario1	3328619254346723393-34	REQUEST		myRequest1 Redirect 1	1534505652391	1534505652419	1534505652519	1534505652543	OK	 
Scenario1	3328619254346723393-34	USER	END	1534505652290	1534505652545
Scenario1	3328619254346723393-35	USER	START	1534505653504	0
Scenario1	3328619254346723393-35	REQUEST		myRequest1	1534505653505	1534505653531	1534505653603	1534505653603	OK	 
Scenario1	3328619254346723393-35	REQUEST		myRequest1 Redirect 1	1534505653605	1534505653632	1534505653736	1534505653763	OK	 
Scenario1	3328619254346723393-35	USER	END	1534505653504	1534505653765
Scenario1	3328619254346723393-36	USER	START	1534505654701	0
Scenario1	3328619254346723393-36	REQUEST		myRequest1	1534505654701	1534505654730	1534505654804	1534505654804	OK	 
Scenario1	3328619254346723393-36	REQUEST		myRequest1 Redirect 1	1534505654805	1534505654831	1534505654935	1534505654958	OK	 
Scenario1	3328619254346723393-36	USER	END	1534505654701	1534505654959
Scenario1	3328619254346723393-37	USER	START	1534505655903	0
Scenario1	3328619254346723393-37	REQUEST		myRequest1	1534505655904	1534505655928	1534505656005	1534505656005	OK	 
Scenario1	3328619254346723393-37	REQUEST		myRequest1 Redirect 1	1534505656005	1534505656028	1534505656126	1534505656146	OK	 
Scenario1	3328619254346723393-37	USER	END	1534505655903	1534505656150
Scenario1	3328619254346723393-38	USER	START	1534505657104	0
Scenario1	3328619254346723393-38	REQUEST		myRequest1	1534505657105	1534505657127	1534505657199	1534505657199	OK	 
Scenario1	3328619254346723393-38	REQUEST		myRequest1 Redirect 1	1534505657199	1534505657232	1534505657336	1534505657372	OK	 
Scenario1	3328619254346723393-38	USER	END	1534505657104	1534505657373
Scenario1	3328619254346723393-39	USER	START	1534505658300	0
Scenario1	3328619254346723393-39	REQUEST		myRequest1	1534505658301	1534505658332	1534505658410	1534505658410	OK	 
Scenario1	3328619254346723393-39	REQUEST		myRequest1 Redirect 1	1534505658411	1534505658437	1534505658539	1534505658562	OK	 
Scenario1	3328619254346723393-39	USER	END	1534505658300	1534505658565
Scenario1	3328619254346723393-40	USER	START	1534505659500	0
Scenario1	3328619254346723393-40	REQUEST		myRequest1	1534505659500	1534505659522	1534505659591	1534505659591	OK	 
Scenario1	3328619254346723393-40	REQUEST		myRequest1 Redirect 1	1534505659591	1534505659615	1534505659713	1534505659731	OK	 
Scenario1	3328619254346723393-40	USER	END	1534505659500	1534505659733
Scenario1	3328619254346723393-41	USER	START	1534505660702	0
Scenario1	3328619254346723393-41	REQUEST		myRequest1	1534505660702	1534505660724	1534505660796	1534505660796	OK	 
Scenario1	3328619254346723393-41	REQUEST		myRequest1 Redirect 1	1534505660797	1534505660819	1534505660926	1534505660949	OK	 
Scenario1	3328619254346723393-41	USER	END	1534505660702	1534505660952
Scenario1	3328619254346723393-42	USER	START	1534505661903	0
Scenario1	3328619254346723393-42	REQUEST		myRequest1	1534505661903	1534505661932	1534505662002	1534505662002	OK	 
Scenario1	3328619254346723393-42	REQUEST		myRequest1 Redirect 1	1534505662003	1534505662024	1534505662134	1534505662158	OK	 
Scenario1	3328619254346723393-42	USER	END	1534505661903	1534505662159
Scenario1	3328619254346723393-43	USER	START	1534505663100	0
Scenario1	3328619254346723393-43	REQUEST		myRequest1	1534505663102	1534505663430	1534505663503	1534505663503	OK	 
Scenario1	3328619254346723393-43	REQUEST		myRequest1 Redirect 1	1534505663503	1534505663528	1534505663628	1534505663647	OK	 
Scenario1	3328619254346723393-43	USER	END	1534505663100	1534505663648
Scenario1	3328619254346723393-44	USER	START	1534505664300	0
Scenario1	3328619254346723393-44	REQUEST		myRequest1	1534505664300	1534505664323	1534505664402	1534505664402	OK	 
Scenario1	3328619254346723393-44	REQUEST		myRequest1 Redirect 1	1534505664402	1534505664425	1534505664529	1534505664549	OK	 
Scenario1	3328619254346723393-44	USER	END	1534505664300	1534505664551
Scenario1	3328619254346723393-45	USER	START	1534505665504	0
Scenario1	3328619254346723393-45	REQUEST		myRequest1	1534505665505	1534505665534	1534505665606	1534505665606	OK	 
Scenario1	3328619254346723393-45	REQUEST		myRequest1 Redirect 1	1534505665608	1534505665635	1534505665747	1534505665772	OK	 
Scenario1	3328619254346723393-45	USER	END	1534505665504	1534505665776
Scenario1	3328619254346723393-46	USER	START	1534505666705	0
Scenario1	3328619254346723393-46	REQUEST		myRequest1	1534505666705	1534505666729	1534505666806	1534505666806	OK	 
Scenario1	3328619254346723393-46	REQUEST		myRequest1 Redirect 1	1534505666807	1534505666830	1534505666930	1534505666951	OK	 
Scenario1	3328619254346723393-46	USER	END	1534505666705	1534505666953
Scenario1	3328619254346723393-47	USER	START	1534505667900	0
Scenario1	3328619254346723393-47	REQUEST		myRequest1	1534505667901	1534505667932	1534505668011	1534505668011	OK	 
Scenario1	3328619254346723393-47	REQUEST		myRequest1 Redirect 1	1534505668012	1534505668041	1534505668145	1534505668173	OK	 
Scenario1	3328619254346723393-47	USER	END	1534505667900	1534505668175
Scenario1	3328619254346723393-48	USER	START	1534505669100	0
Scenario1	3328619254346723393-48	REQUEST		myRequest1	1534505669101	1534505669127	1534505669198	1534505669198	OK	 
Scenario1	3328619254346723393-48	REQUEST		myRequest1 Redirect 1	1534505669199	1534505669221	1534505669322	1534505669348	OK	 
Scenario1	3328619254346723393-48	USER	END	1534505669100	1534505669349
Scenario1	3328619254346723393-49	USER	START	1534505670304	0
Scenario1	3328619254346723393-49	REQUEST		myRequest1	1534505670305	1534505670328	1534505670400	1534505670400	OK	 
Scenario1	3328619254346723393-49	REQUEST		myRequest1 Redirect 1	1534505670401	1534505670436	1534505670582	1534505670603	OK	 
Scenario1	3328619254346723393-49	USER	END	1534505670304	1534505670604
Scenario1	3328619254346723393-50	USER	START	1534505671500	0
Scenario1	3328619254346723393-50	REQUEST		myRequest1	1534505671500	1534505671522	1534505671594	1534505671594	OK	 
Scenario1	3328619254346723393-50	REQUEST		myRequest1 Redirect 1	1534505671594	1534505671616	1534505671714	1534505671734	OK	 
Scenario1	3328619254346723393-50	USER	END	1534505671500	1534505671735
Scenario1	3328619254346723393-51	USER	START	1534505672705	0
Scenario1	3328619254346723393-51	REQUEST		myRequest1	1534505672705	1534505672728	1534505672804	1534505672804	OK	 
Scenario1	3328619254346723393-51	REQUEST		myRequest1 Redirect 1	1534505672805	1534505672829	1534505672932	1534505672952	OK	 
Scenario1	3328619254346723393-51	USER	END	1534505672705	1534505672953
Scenario1	3328619254346723393-52	USER	START	1534505673900	0
Scenario1	3328619254346723393-52	REQUEST		myRequest1	1534505673900	1534505673924	1534505673994	1534505673994	OK	 
Scenario1	3328619254346723393-52	REQUEST		myRequest1 Redirect 1	1534505673995	1534505674017	1534505674116	1534505674137	OK	 
Scenario1	3328619254346723393-52	USER	END	1534505673900	1534505674139
Scenario1	3328619254346723393-53	USER	START	1534505675103	0
Scenario1	3328619254346723393-53	REQUEST		myRequest1	1534505675104	1534505675142	1534505675216	1534505675216	OK	 
Scenario1	3328619254346723393-53	REQUEST		myRequest1 Redirect 1	1534505675217	1534505675243	1534505675360	1534505675384	OK	 
Scenario1	3328619254346723393-53	USER	END	1534505675103	1534505675388
Scenario1	3328619254346723393-54	USER	START	1534505676300	0
Scenario1	3328619254346723393-54	REQUEST		myRequest1	1534505676300	1534505676322	1534505676394	1534505676394	OK	 
Scenario1	3328619254346723393-54	REQUEST		myRequest1 Redirect 1	1534505676397	1534505676422	1534505676525	1534505676544	OK	 
Scenario1	3328619254346723393-54	USER	END	1534505676300	1534505676545
Scenario1	3328619254346723393-55	USER	START	1534505677503	0
Scenario1	3328619254346723393-55	REQUEST		myRequest1	1534505677505	1534505677530	1534505677604	1534505677604	OK	 
Scenario1	3328619254346723393-55	REQUEST		myRequest1 Redirect 1	1534505677605	1534505677627	1534505677733	1534505677753	OK	 
Scenario1	3328619254346723393-55	USER	END	1534505677503	1534505677756
Scenario1	3328619254346723393-56	USER	START	1534505678705	0
Scenario1	3328619254346723393-56	REQUEST		myRequest1	1534505678706	1534505678728	1534505678839	1534505678839	OK	 
Scenario1	3328619254346723393-56	REQUEST		myRequest1 Redirect 1	1534505678840	1534505679161	1534505679290	1534505679346	OK	 
Scenario1	3328619254346723393-56	USER	END	1534505678705	1534505679347
Scenario1	3328619254346723393-57	USER	START	1534505679905	0
Scenario1	3328619254346723393-57	REQUEST		myRequest1	1534505679906	1534505679939	1534505680010	1534505680010	OK	 
Scenario1	3328619254346723393-57	REQUEST		myRequest1 Redirect 1	1534505680012	1534505680034	1534505680139	1534505680163	OK	 
Scenario1	3328619254346723393-57	USER	END	1534505679905	1534505680165
Scenario1	3328619254346723393-58	USER	START	1534505681102	0
Scenario1	3328619254346723393-58	REQUEST		myRequest1	1534505681102	1534505681131	1534505681219	1534505681219	OK	 
Scenario1	3328619254346723393-58	REQUEST		myRequest1 Redirect 1	1534505681220	1534505681248	1534505681360	1534505681385	OK	 
Scenario1	3328619254346723393-58	USER	END	1534505681102	1534505681389
Scenario1	3328619254346723393-59	USER	START	1534505682305	0
Scenario1	3328619254346723393-59	REQUEST		myRequest1	1534505682306	1534505682334	1534505682410	1534505682410	OK	 
Scenario1	3328619254346723393-59	REQUEST		myRequest1 Redirect 1	1534505682412	1534505682443	1534505682565	1534505682592	OK	 
Scenario1	3328619254346723393-59	USER	END	1534505682305	1534505682594
Scenario1	3328619254346723393-60	USER	START	1534505683513	0
Scenario1	3328619254346723393-60	REQUEST		myRequest1	1534505683514	1534505683539	1534505683621	1534505683621	OK	 
Scenario1	3328619254346723393-60	REQUEST		myRequest1 Redirect 1	1534505683624	1534505683654	1534505683756	1534505683786	OK	 
Scenario1	3328619254346723393-60	USER	END	1534505683513	1534505683789
Scenario1	3328619254346723393-61	USER	START	1534505684713	0
Scenario1	3328619254346723393-61	REQUEST		myRequest1	1534505684714	1534505684737	1534505684821	1534505684821	OK	 
Scenario1	3328619254346723393-61	REQUEST		myRequest1 Redirect 1	1534505684822	1534505684855	1534505684955	1534505684977	OK	 
Scenario1	3328619254346723393-61	USER	END	1534505684713	1534505684981
Scenario1	3328619254346723393-62	USER	START	1534505685913	0
Scenario1	3328619254346723393-62	REQUEST		myRequest1	1534505685913	1534505685938	1534505686009	1534505686009	OK	 
Scenario1	3328619254346723393-62	REQUEST		myRequest1 Redirect 1	1534505686010	1534505686040	1534505686142	1534505686163	OK	 
Scenario1	3328619254346723393-62	USER	END	1534505685913	1534505686165
Scenario1	3328619254346723393-63	USER	START	1534505687112	0
Scenario1	3328619254346723393-63	REQUEST		myRequest1	1534505687112	1534505687136	1534505687208	1534505687208	OK	 
Scenario1	3328619254346723393-63	REQUEST		myRequest1 Redirect 1	1534505687208	1534505687231	1534505687336	1534505687359	OK	 
Scenario1	3328619254346723393-63	USER	END	1534505687112	1534505687362
Scenario1	3328619254346723393-64	USER	START	1534505688313	0
Scenario1	3328619254346723393-64	REQUEST		myRequest1	1534505688314	1534505688342	1534505688414	1534505688414	OK	 
Scenario1	3328619254346723393-64	REQUEST		myRequest1 Redirect 1	1534505688415	1534505688439	1534505688541	1534505688562	OK	 
Scenario1	3328619254346723393-64	USER	END	1534505688313	1534505688567
Scenario1	3328619254346723393-65	USER	START	1534505689516	0
Scenario1	3328619254346723393-65	REQUEST		myRequest1	1534505689517	1534505689539	1534505689828	1534505689828	OK	 
Scenario1	3328619254346723393-65	REQUEST		myRequest1 Redirect 1	1534505689829	1534505689854	1534505689951	1534505689973	OK	 
Scenario1	3328619254346723393-65	USER	END	1534505689516	1534505689975
Scenario1	3328619254346723393-66	USER	START	1534505690715	0
Scenario1	3328619254346723393-66	REQUEST		myRequest1	1534505690715	1534505690738	1534505690838	1534505690838	OK	 
Scenario1	3328619254346723393-66	REQUEST		myRequest1 Redirect 1	1534505690839	1534505690860	1534505690961	1534505690981	OK	 
Scenario1	3328619254346723393-66	USER	END	1534505690715	1534505690985
Scenario1	3328619254346723393-67	USER	START	1534505691914	0
Scenario1	3328619254346723393-67	REQUEST		myRequest1	1534505691915	1534505691938	1534505692010	1534505692010	OK	 
Scenario1	3328619254346723393-67	REQUEST		myRequest1 Redirect 1	1534505692011	1534505692040	1534505692142	1534505692165	OK	 
Scenario1	3328619254346723393-67	USER	END	1534505691914	1534505692168
Scenario1	3328619254346723393-68	USER	START	1534505693102	0
Scenario1	3328619254346723393-68	REQUEST		myRequest1	1534505693103	1534505693145	1534505693216	1534505693216	OK	 
Scenario1	3328619254346723393-68	REQUEST		myRequest1 Redirect 1	1534505693216	1534505693237	1534505693359	1534505693403	OK	 
Scenario1	3328619254346723393-68	USER	END	1534505693102	1534505693404
Scenario1	3328619254346723393-69	USER	START	1534505694300	0
Scenario1	3328619254346723393-69	REQUEST		myRequest1	1534505694301	1534505694333	1534505694410	1534505694410	OK	 
Scenario1	3328619254346723393-69	REQUEST		myRequest1 Redirect 1	1534505694411	1534505694435	1534505694542	1534505694564	OK	 
Scenario1	3328619254346723393-69	USER	END	1534505694300	1534505694566
Scenario1	3328619254346723393-70	USER	START	1534505695505	0
Scenario1	3328619254346723393-70	REQUEST		myRequest1	1534505695505	1534505695544	1534505695616	1534505695616	OK	 
Scenario1	3328619254346723393-70	REQUEST		myRequest1 Redirect 1	1534505695617	1534505695640	1534505695742	1534505695765	OK	 
Scenario1	3328619254346723393-70	USER	END	1534505695505	1534505695780
Scenario1	3328619254346723393-71	USER	START	1534505696704	0
Scenario1	3328619254346723393-71	REQUEST		myRequest1	1534505696704	1534505696726	1534505696798	1534505696798	OK	 
Scenario1	3328619254346723393-71	REQUEST		myRequest1 Redirect 1	1534505696798	1534505696821	1534505696925	1534505696956	OK	 
Scenario1	3328619254346723393-71	USER	END	1534505696704	1534505696959
Scenario1	3328619254346723393-72	USER	START	1534505697901	0
Scenario1	3328619254346723393-72	REQUEST		myRequest1	1534505697901	1534505697924	1534505697994	1534505697994	OK	 
Scenario1	3328619254346723393-72	REQUEST		myRequest1 Redirect 1	1534505697995	1534505698015	1534505698123	1534505698141	OK	 
Scenario1	3328619254346723393-72	USER	END	1534505697901	1534505698143
Scenario1	3328619254346723393-73	USER	START	1534505699103	0
Scenario1	3328619254346723393-73	REQUEST		myRequest1	1534505699104	1534505699127	1534505699201	1534505699201	OK	 
Scenario1	3328619254346723393-73	REQUEST		myRequest1 Redirect 1	1534505699202	1534505699225	1534505699324	1534505699343	OK	 
Scenario1	3328619254346723393-73	USER	END	1534505699103	1534505699346
Scenario1	3328619254346723393-74	USER	START	1534505700301	0
Scenario1	3328619254346723393-74	REQUEST		myRequest1	1534505700302	1534505700325	1534505700403	1534505700403	OK	 
Scenario1	3328619254346723393-74	REQUEST		myRequest1 Redirect 1	1534505700404	1534505700441	1534505700544	1534505700565	OK	 
Scenario1	3328619254346723393-74	USER	END	1534505700301	1534505700566
Scenario1	3328619254346723393-75	USER	START	1534505701500	0
Scenario1	3328619254346723393-75	REQUEST		myRequest1	1534505701500	1534505701524	1534505701596	1534505701596	OK	 
Scenario1	3328619254346723393-75	REQUEST		myRequest1 Redirect 1	1534505701597	1534505701621	1534505701725	1534505701746	OK	 
Scenario1	3328619254346723393-75	USER	END	1534505701500	1534505701748
Scenario1	3328619254346723393-76	USER	START	1534505702700	0
Scenario1	3328619254346723393-76	REQUEST		myRequest1	1534505702701	1534505702722	1534505702794	1534505702794	OK	 
Scenario1	3328619254346723393-76	REQUEST		myRequest1 Redirect 1	1534505702794	1534505702816	1534505702918	1534505702938	OK	 
Scenario1	3328619254346723393-76	USER	END	1534505702700	1534505702940
Scenario1	3328619254346723393-77	USER	START	1534505703893	0
Scenario1	3328619254346723393-77	REQUEST		myRequest1	1534505703893	1534505703916	1534505703987	1534505703987	OK	 
Scenario1	3328619254346723393-77	REQUEST		myRequest1 Redirect 1	1534505703988	1534505704013	1534505704112	1534505704131	OK	 
Scenario1	3328619254346723393-77	USER	END	1534505703893	1534505704134
Scenario1	3328619254346723393-78	USER	START	1534505705090	0
Scenario1	3328619254346723393-78	REQUEST		myRequest1	1534505705091	1534505705113	1534505705186	1534505705186	OK	 
Scenario1	3328619254346723393-78	REQUEST		myRequest1 Redirect 1	1534505705186	1534505705209	1534505705308	1534505705327	OK	 
Scenario1	3328619254346723393-78	USER	END	1534505705090	1534505705329
Scenario1	3328619254346723393-79	USER	START	1534505706290	0
Scenario1	3328619254346723393-79	REQUEST		myRequest1	1534505706290	1534505706311	1534505706383	1534505706383	OK	 
Scenario1	3328619254346723393-79	REQUEST		myRequest1 Redirect 1	1534505706383	1534505706404	1534505706507	1534505706526	OK	 
Scenario1	3328619254346723393-79	USER	END	1534505706290	1534505706528
Scenario1	3328619254346723393-80	USER	START	1534505707495	0
Scenario1	3328619254346723393-80	REQUEST		myRequest1	1534505707495	1534505707518	1534505707592	1534505707592	OK	 
Scenario1	3328619254346723393-80	REQUEST		myRequest1 Redirect 1	1534505707596	1534505707617	1534505707724	1534505707744	OK	 
Scenario1	3328619254346723393-80	USER	END	1534505707495	1534505707746
Scenario1	3328619254346723393-81	USER	START	1534505708691	0
Scenario1	3328619254346723393-81	REQUEST		myRequest1	1534505708692	1534505708714	1534505708784	1534505708784	OK	 
Scenario1	3328619254346723393-81	REQUEST		myRequest1 Redirect 1	1534505708785	1534505708809	1534505708910	1534505708930	OK	 
Scenario1	3328619254346723393-81	USER	END	1534505708691	1534505708932
Scenario1	3328619254346723393-82	USER	START	1534505709892	0
Scenario1	3328619254346723393-82	REQUEST		myRequest1	1534505709892	1534505709913	1534505709984	1534505709984	OK	 
Scenario1	3328619254346723393-82	REQUEST		myRequest1 Redirect 1	1534505709985	1534505710007	1534505710108	1534505710126	OK	 
Scenario1	3328619254346723393-82	USER	END	1534505709892	1534505710127
Scenario1	3328619254346723393-83	USER	START	1534505711091	0
Scenario1	3328619254346723393-83	REQUEST		myRequest1	1534505711091	1534505711112	1534505711182	1534505711182	OK	 
Scenario1	3328619254346723393-83	REQUEST		myRequest1 Redirect 1	1534505711183	1534505711207	1534505711306	1534505711325	OK	 
Scenario1	3328619254346723393-83	USER	END	1534505711091	1534505711327
Scenario1	3328619254346723393-84	USER	START	1534505712295	0
Scenario1	3328619254346723393-84	REQUEST		myRequest1	1534505712296	1534505712324	1534505712411	1534505712411	OK	 
Scenario1	3328619254346723393-84	REQUEST		myRequest1 Redirect 1	1534505712414	1534505712441	1534505712541	1534505712558	OK	 
Scenario1	3328619254346723393-84	USER	END	1534505712295	1534505712560
Scenario1	3328619254346723393-85	USER	START	1534505713490	0
Scenario1	3328619254346723393-85	REQUEST		myRequest1	1534505713491	1534505713514	1534505713584	1534505713584	OK	 
Scenario1	3328619254346723393-85	REQUEST		myRequest1 Redirect 1	1534505713585	1534505713608	1534505713711	1534505713734	OK	 
Scenario1	3328619254346723393-85	USER	END	1534505713490	1534505713738
Scenario1	3328619254346723393-86	USER	START	1534505714693	0
Scenario1	3328619254346723393-86	REQUEST		myRequest1	1534505714694	1534505714718	1534505714794	1534505714795	OK	 
Scenario1	3328619254346723393-86	REQUEST		myRequest1 Redirect 1	1534505714795	1534505714816	1534505714922	1534505714942	OK	 
Scenario1	3328619254346723393-86	USER	END	1534505714693	1534505714943
Scenario1	3328619254346723393-87	USER	START	1534505715894	0
Scenario1	3328619254346723393-87	REQUEST		myRequest1	1534505715895	1534505715917	1534505715987	1534505715987	OK	 
Scenario1	3328619254346723393-87	REQUEST		myRequest1 Redirect 1	1534505715988	1534505716009	1534505716109	1534505716129	OK	 
Scenario1	3328619254346723393-87	USER	END	1534505715894	1534505716131
Scenario1	3328619254346723393-88	USER	START	1534505717090	0
Scenario1	3328619254346723393-88	REQUEST		myRequest1	1534505717090	1534505717113	1534505717187	1534505717187	OK	 
Scenario1	3328619254346723393-88	REQUEST		myRequest1 Redirect 1	1534505717188	1534505717208	1534505717320	1534505717339	OK	 
Scenario1	3328619254346723393-88	USER	END	1534505717090	1534505717341
Scenario1	3328619254346723393-89	USER	START	1534505718294	0
Scenario1	3328619254346723393-89	REQUEST		myRequest1	1534505718295	1534505718320	1534505718393	1534505718393	OK	 
Scenario1	3328619254346723393-89	REQUEST		myRequest1 Redirect 1	1534505718394	1534505718422	1534505718527	1534505718552	OK	 
Scenario1	3328619254346723393-89	USER	END	1534505718294	1534505718558
Scenario1	3328619254346723393-90	USER	START	1534505719494	0
Scenario1	3328619254346723393-90	REQUEST		myRequest1	1534505719494	1534505719516	1534505719587	1534505719587	OK	 
Scenario1	3328619254346723393-90	REQUEST		myRequest1 Redirect 1	1534505719588	1534505719608	1534505719706	1534505719724	OK	 
Scenario1	3328619254346723393-90	USER	END	1534505719494	1534505719726
Scenario1	3328619254346723393-91	USER	START	1534505720694	0
Scenario1	3328619254346723393-91	REQUEST		myRequest1	1534505720694	1534505720723	1534505720801	1534505720801	OK	 
Scenario1	3328619254346723393-91	REQUEST		myRequest1 Redirect 1	1534505720802	1534505720827	1534505720934	1534505720960	OK	 
Scenario1	3328619254346723393-91	USER	END	1534505720694	1534505720962
Scenario1	3328619254346723393-92	USER	START	1534505721892	0
Scenario1	3328619254346723393-92	REQUEST		myRequest1	1534505721892	1534505721913	1534505721986	1534505721986	OK	 
Scenario1	3328619254346723393-93	USER	START	1534505723111	0
Scenario1	3328619254346723393-92	REQUEST		myRequest1 Redirect 1	1534505721987	1534505722022	1534505723196	1534505723331	OK	 
Scenario1	3328619254346723393-92	USER	END	1534505721892	1534505723334
Scenario1	3328619254346723393-93	REQUEST		myRequest1	1534505723111	1534505723208	1534505723394	1534505723394	OK	 
Scenario1	3328619254346723393-93	REQUEST		myRequest1 Redirect 1	1534505723395	1534505723417	1534505723696	1534505723712	OK	 
Scenario1	3328619254346723393-93	USER	END	1534505723111	1534505723714
Scenario1	3328619254346723393-94	USER	START	1534505724310	0
Scenario1	3328619254346723393-94	REQUEST		myRequest1	1534505724310	1534505724335	1534505724502	1534505724502	OK	 
Scenario1	3328619254346723393-94	REQUEST		myRequest1 Redirect 1	1534505724504	1534505724653	1534505724837	1534505724859	OK	 
Scenario1	3328619254346723393-94	USER	END	1534505724310	1534505724860
Scenario1	3328619254346723393-95	USER	START	1534505725510	0
Scenario1	3328619254346723393-95	REQUEST		myRequest1	1534505725510	1534505725533	1534505725606	1534505725606	OK	 
Scenario1	3328619254346723393-95	REQUEST		myRequest1 Redirect 1	1534505725606	1534505725631	1534505725728	1534505725751	OK	 
Scenario1	3328619254346723393-95	USER	END	1534505725510	1534505725752
Scenario1	3328619254346723393-96	USER	START	1534505726715	0
Scenario1	3328619254346723393-96	REQUEST		myRequest1	1534505726715	1534505726738	1534505726812	1534505726812	OK	 
Scenario1	3328619254346723393-96	REQUEST		myRequest1 Redirect 1	1534505726812	1534505726835	1534505726936	1534505726971	OK	 
Scenario1	3328619254346723393-96	USER	END	1534505726715	1534505726973
Scenario1	3328619254346723393-97	USER	START	1534505727915	0
Scenario1	3328619254346723393-97	REQUEST		myRequest1	1534505727916	1534505727938	1534505728011	1534505728011	OK	 
Scenario1	3328619254346723393-97	REQUEST		myRequest1 Redirect 1	1534505728011	1534505728036	1534505728139	1534505728160	OK	 
Scenario1	3328619254346723393-97	USER	END	1534505727915	1534505728162
Scenario1	3328619254346723393-98	USER	START	1534505729113	0
Scenario1	3328619254346723393-98	REQUEST		myRequest1	1534505729114	1534505729156	1534505729227	1534505729227	OK	 
Scenario1	3328619254346723393-98	REQUEST		myRequest1 Redirect 1	1534505729228	1534505729257	1534505729361	1534505729392	OK	 
Scenario1	3328619254346723393-98	USER	END	1534505729113	1534505729394
Scenario1	3328619254346723393-99	USER	START	1534505730314	0
Scenario1	3328619254346723393-99	REQUEST		myRequest1	1534505730315	1534505730337	1534505730410	1534505730410	OK	 
Scenario1	3328619254346723393-99	REQUEST		myRequest1 Redirect 1	1534505730411	1534505730438	1534505730539	1534505730559	OK	 
Scenario1	3328619254346723393-99	USER	END	1534505730314	1534505730561
