gatlingsimulations.HttpSimulation4	httpsimulation4	RUN	1534502961643	 	2.0
Scenario1	4889676715450544557-0	USER	START	1534502961674	0
Scenario1	4889676715450544557-1	USER	START	1534502961790	0
Scenario1	4889676715450544557-0	REQUEST		myRequest1	1534502961707	1534502961845	1534502961874	1534502961874	OK	 
Scenario1	4889676715450544557-2	USER	START	1534502961894	0
Scenario1	4889676715450544557-3	USER	START	1534502961992	0
Scenario1	4889676715450544557-2	REQUEST		myRequest1	1534502961894	1534502961918	1534502962002	1534502962002	OK	 
Scenario1	4889676715450544557-4	USER	START	1534502962093	0
Scenario1	4889676715450544557-3	REQUEST		myRequest1	1534502961992	1534502962021	1534502962095	1534502962095	OK	 
Scenario1	4889676715450544557-0	REQUEST		myRequest1 Redirect 1	1534502961888	1534502962008	1534502962064	1534502962081	OK	 
Scenario1	4889676715450544557-0	USER	END	1534502961674	1534502962120
Scenario1	4889676715450544557-1	REQUEST		myRequest1	1534502961790	1534502961911	1534502962145	1534502962145	OK	 
Scenario1	4889676715450544557-2	REQUEST		myRequest1 Redirect 1	1534502962006	1534502962029	1534502962131	1534502962151	OK	 
Scenario1	4889676715450544557-2	USER	END	1534502961894	1534502962154
Scenario1	4889676715450544557-5	USER	START	1534502962192	0
Scenario1	4889676715450544557-3	REQUEST		myRequest1 Redirect 1	1534502962096	1534502962127	1534502962223	1534502962241	OK	 
Scenario1	4889676715450544557-3	USER	END	1534502961992	1534502962243
Scenario1	4889676715450544557-5	REQUEST		myRequest1	1534502962193	1534502962216	1534502962289	1534502962289	OK	 
Scenario1	4889676715450544557-6	USER	START	1534502962291	0
Scenario1	4889676715450544557-1	REQUEST		myRequest1 Redirect 1	1534502962146	1534502962169	1534502962273	1534502962300	OK	 
Scenario1	4889676715450544557-1	USER	END	1534502961790	1534502962303
Scenario1	4889676715450544557-4	REQUEST		myRequest1	1534502962093	1534502962128	1534502962310	1534502962310	OK	 
Scenario1	4889676715450544557-6	REQUEST		myRequest1	1534502962291	1534502962315	1534502962388	1534502962388	OK	 
Scenario1	4889676715450544557-7	USER	START	1534502962390	0
Scenario1	4889676715450544557-5	REQUEST		myRequest1 Redirect 1	1534502962290	1534502962315	1534502962418	1534502962438	OK	 
Scenario1	4889676715450544557-5	USER	END	1534502962192	1534502962442
Scenario1	4889676715450544557-4	REQUEST		myRequest1 Redirect 1	1534502962311	1534502962334	1534502962445	1534502962464	OK	 
Scenario1	4889676715450544557-4	USER	END	1534502962093	1534502962467
Scenario1	4889676715450544557-7	REQUEST		myRequest1	1534502962391	1534502962416	1534502962487	1534502962487	OK	 
Scenario1	4889676715450544557-8	USER	START	1534502962490	0
Scenario1	4889676715450544557-6	REQUEST		myRequest1 Redirect 1	1534502962389	1534502962414	1534502962518	1534502962544	OK	 
Scenario1	4889676715450544557-6	USER	END	1534502962291	1534502962546
Scenario1	4889676715450544557-8	REQUEST		myRequest1	1534502962491	1534502962520	1534502962591	1534502962591	OK	 
Scenario1	4889676715450544557-9	USER	START	1534502962595	0
Scenario1	4889676715450544557-7	REQUEST		myRequest1 Redirect 1	1534502962487	1534502962514	1534502962621	1534502962642	OK	 
Scenario1	4889676715450544557-7	USER	END	1534502962390	1534502962645
Scenario1	4889676715450544557-9	REQUEST		myRequest1	1534502962596	1534502962618	1534502962691	1534502962691	OK	 
Scenario1	4889676715450544557-10	USER	START	1534502962692	0
Scenario1	4889676715450544557-8	REQUEST		myRequest1 Redirect 1	1534502962591	1534502962614	1534502962717	1534502962738	OK	 
Scenario1	4889676715450544557-8	USER	END	1534502962490	1534502962740
Scenario1	4889676715450544557-10	REQUEST		myRequest1	1534502962693	1534502962715	1534502962785	1534502962785	OK	 
Scenario1	4889676715450544557-11	USER	START	1534502962790	0
Scenario1	4889676715450544557-9	REQUEST		myRequest1 Redirect 1	1534502962692	1534502962716	1534502962814	1534502962834	OK	 
Scenario1	4889676715450544557-9	USER	END	1534502962595	1534502962836
Scenario1	4889676715450544557-11	REQUEST		myRequest1	1534502962791	1534502962814	1534502962886	1534502962886	OK	 
Scenario1	4889676715450544557-12	USER	START	1534502962895	0
Scenario1	4889676715450544557-10	REQUEST		myRequest1 Redirect 1	1534502962788	1534502962811	1534502962918	1534502962939	OK	 
Scenario1	4889676715450544557-10	USER	END	1534502962692	1534502962941
Scenario1	4889676715450544557-13	USER	START	1534502962994	0
Scenario1	4889676715450544557-12	REQUEST		myRequest1	1534502962895	1534502962923	1534502962994	1534502962994	OK	 
Scenario1	4889676715450544557-11	REQUEST		myRequest1 Redirect 1	1534502962887	1534502962911	1534502963013	1534502963031	OK	 
Scenario1	4889676715450544557-11	USER	END	1534502962790	1534502963033
Scenario1	4889676715450544557-14	USER	START	1534502963092	0
Scenario1	4889676715450544557-13	REQUEST		myRequest1	1534502962995	1534502963021	1534502963093	1534502963093	OK	 
Scenario1	4889676715450544557-12	REQUEST		myRequest1 Redirect 1	1534502962995	1534502963021	1534502963126	1534502963147	OK	 
Scenario1	4889676715450544557-12	USER	END	1534502962895	1534502963150
Scenario1	4889676715450544557-15	USER	START	1534502963191	0
Scenario1	4889676715450544557-14	REQUEST		myRequest1	1534502963093	1534502963121	1534502963192	1534502963192	OK	 
Scenario1	4889676715450544557-13	REQUEST		myRequest1 Redirect 1	1534502963094	1534502963121	1534502963233	1534502963244	OK	 
Scenario1	4889676715450544557-13	USER	END	1534502962994	1534502963247
Scenario1	4889676715450544557-16	USER	START	1534502963290	0
Scenario1	4889676715450544557-15	REQUEST		myRequest1	1534502963192	1534502963231	1534502963299	1534502963299	OK	 
Scenario1	4889676715450544557-14	REQUEST		myRequest1 Redirect 1	1534502963193	1534502963231	1534502963348	1534502963366	OK	 
Scenario1	4889676715450544557-14	USER	END	1534502963092	1534502963369
Scenario1	4889676715450544557-17	USER	START	1534502963394	0
Scenario1	4889676715450544557-16	REQUEST		myRequest1	1534502963290	1534502963318	1534502963399	1534502963399	OK	 
Scenario1	4889676715450544557-15	REQUEST		myRequest1 Redirect 1	1534502963299	1534502963331	1534502963437	1534502963456	OK	 
Scenario1	4889676715450544557-15	USER	END	1534502963191	1534502963464
Scenario1	4889676715450544557-17	REQUEST		myRequest1	1534502963395	1534502963423	1534502963493	1534502963493	OK	 
Scenario1	4889676715450544557-18	USER	START	1534502963495	0
Scenario1	4889676715450544557-16	REQUEST		myRequest1 Redirect 1	1534502963399	1534502963425	1534502963535	1534502963555	OK	 
Scenario1	4889676715450544557-16	USER	END	1534502963290	1534502963558
Scenario1	4889676715450544557-18	REQUEST		myRequest1	1534502963496	1534502963521	1534502963592	1534502963592	OK	 
Scenario1	4889676715450544557-19	USER	START	1534502963594	0
Scenario1	4889676715450544557-17	REQUEST		myRequest1 Redirect 1	1534502963493	1534502963520	1534502963622	1534502963643	OK	 
Scenario1	4889676715450544557-17	USER	END	1534502963394	1534502963646
Scenario1	4889676715450544557-19	REQUEST		myRequest1	1534502963594	1534502963616	1534502963688	1534502963688	OK	 
Scenario1	4889676715450544557-20	USER	START	1534502963694	0
Scenario1	4889676715450544557-18	REQUEST		myRequest1 Redirect 1	1534502963592	1534502963614	1534502963718	1534502963737	OK	 
Scenario1	4889676715450544557-18	USER	END	1534502963495	1534502963739
Scenario1	4889676715450544557-20	REQUEST		myRequest1	1534502963694	1534502963718	1534502963789	1534502963789	OK	 
Scenario1	4889676715450544557-21	USER	START	1534502963795	0
Scenario1	4889676715450544557-19	REQUEST		myRequest1 Redirect 1	1534502963688	1534502963710	1534502963809	1534502963833	OK	 
Scenario1	4889676715450544557-19	USER	END	1534502963594	1534502963835
Scenario1	4889676715450544557-21	REQUEST		myRequest1	1534502963796	1534502963818	1534502963893	1534502963893	OK	 
Scenario1	4889676715450544557-22	USER	START	1534502963895	0
Scenario1	4889676715450544557-20	REQUEST		myRequest1 Redirect 1	1534502963789	1534502963812	1534502963920	1534502963941	OK	 
Scenario1	4889676715450544557-20	USER	END	1534502963694	1534502963943
Scenario1	4889676715450544557-23	USER	START	1534502963993	0
Scenario1	4889676715450544557-22	REQUEST		myRequest1	1534502963895	1534502963926	1534502963993	1534502963993	OK	 
Scenario1	4889676715450544557-21	REQUEST		myRequest1 Redirect 1	1534502963894	1534502963919	1534502964024	1534502964040	OK	 
Scenario1	4889676715450544557-21	USER	END	1534502963795	1534502964048
Scenario1	4889676715450544557-23	REQUEST		myRequest1	1534502963993	1534502964022	1534502964087	1534502964087	OK	 
Scenario1	4889676715450544557-24	USER	START	1534502964092	0
Scenario1	4889676715450544557-22	REQUEST		myRequest1 Redirect 1	1534502963994	1534502964023	1534502964118	1534502964139	OK	 
Scenario1	4889676715450544557-22	USER	END	1534502963895	1534502964140
Scenario1	4889676715450544557-24	REQUEST		myRequest1	1534502964092	1534502964115	1534502964186	1534502964186	OK	 
Scenario1	4889676715450544557-25	USER	START	1534502964191	0
Scenario1	4889676715450544557-23	REQUEST		myRequest1 Redirect 1	1534502964088	1534502964110	1534502964212	1534502964233	OK	 
Scenario1	4889676715450544557-23	USER	END	1534502963993	1534502964235
Scenario1	4889676715450544557-25	REQUEST		myRequest1	1534502964191	1534502964217	1534502964284	1534502964284	OK	 
Scenario1	4889676715450544557-26	USER	START	1534502964291	0
Scenario1	4889676715450544557-24	REQUEST		myRequest1 Redirect 1	1534502964187	1534502964209	1534502964318	1534502964341	OK	 
Scenario1	4889676715450544557-24	USER	END	1534502964092	1534502964343
Scenario1	4889676715450544557-26	REQUEST		myRequest1	1534502964291	1534502964316	1534502964388	1534502964388	OK	 
Scenario1	4889676715450544557-27	USER	START	1534502964391	0
Scenario1	4889676715450544557-25	REQUEST		myRequest1 Redirect 1	1534502964285	1534502964307	1534502964412	1534502964430	OK	 
Scenario1	4889676715450544557-25	USER	END	1534502964191	1534502964433
Scenario1	4889676715450544557-28	USER	START	1534502964490	0
Scenario1	4889676715450544557-27	REQUEST		myRequest1	1534502964391	1534502964418	1534502964490	1534502964490	OK	 
Scenario1	4889676715450544557-26	REQUEST		myRequest1 Redirect 1	1534502964389	1534502964418	1534502964518	1534502964535	OK	 
Scenario1	4889676715450544557-26	USER	END	1534502964291	1534502964537
Scenario1	4889676715450544557-28	REQUEST		myRequest1	1534502964490	1534502964517	1534502964583	1534502964583	OK	 
Scenario1	4889676715450544557-29	USER	START	1534502964592	0
Scenario1	4889676715450544557-27	REQUEST		myRequest1 Redirect 1	1534502964490	1534502964517	1534502964613	1534502964636	OK	 
Scenario1	4889676715450544557-27	USER	END	1534502964391	1534502964638
Scenario1	4889676715450544557-29	REQUEST		myRequest1	1534502964593	1534502964619	1534502964688	1534502964688	OK	 
Scenario1	4889676715450544557-30	USER	START	1534502964692	0
Scenario1	4889676715450544557-28	REQUEST		myRequest1 Redirect 1	1534502964584	1534502964605	1534502964703	1534502964729	OK	 
Scenario1	4889676715450544557-28	USER	END	1534502964490	1534502964731
Scenario1	4889676715450544557-30	REQUEST		myRequest1	1534502964693	1534502964723	1534502964789	1534502964789	OK	 
Scenario1	4889676715450544557-31	USER	START	1534502964790	0
Scenario1	4889676715450544557-29	REQUEST		myRequest1 Redirect 1	1534502964689	1534502964718	1534502964817	1534502964835	OK	 
Scenario1	4889676715450544557-29	USER	END	1534502964592	1534502964838
Scenario1	4889676715450544557-31	REQUEST		myRequest1	1534502964790	1534502964814	1534502964885	1534502964885	OK	 
Scenario1	4889676715450544557-32	USER	START	1534502964895	0
Scenario1	4889676715450544557-30	REQUEST		myRequest1 Redirect 1	1534502964789	1534502964813	1534502964912	1534502964931	OK	 
Scenario1	4889676715450544557-30	USER	END	1534502964692	1534502964933
Scenario1	4889676715450544557-32	REQUEST		myRequest1	1534502964896	1534502964918	1534502964989	1534502964989	OK	 
Scenario1	4889676715450544557-33	USER	START	1534502964993	0
Scenario1	4889676715450544557-31	REQUEST		myRequest1 Redirect 1	1534502964886	1534502964908	1534502965010	1534502965032	OK	 
Scenario1	4889676715450544557-31	USER	END	1534502964790	1534502965034
Scenario1	4889676715450544557-33	REQUEST		myRequest1	1534502964994	1534502965017	1534502965088	1534502965088	OK	 
Scenario1	4889676715450544557-34	USER	START	1534502965093	0
Scenario1	4889676715450544557-32	REQUEST		myRequest1 Redirect 1	1534502964990	1534502965013	1534502965116	1534502965137	OK	 
Scenario1	4889676715450544557-32	USER	END	1534502964895	1534502965138
Scenario1	4889676715450544557-34	REQUEST		myRequest1	1534502965094	1534502965116	1534502965189	1534502965189	OK	 
Scenario1	4889676715450544557-35	USER	START	1534502965192	0
Scenario1	4889676715450544557-33	REQUEST		myRequest1 Redirect 1	1534502965088	1534502965112	1534502965219	1534502965238	OK	 
Scenario1	4889676715450544557-33	USER	END	1534502964993	1534502965240
Scenario1	4889676715450544557-36	USER	START	1534502965290	0
Scenario1	4889676715450544557-35	REQUEST		myRequest1	1534502965193	1534502965217	1534502965291	1534502965291	OK	 
Scenario1	4889676715450544557-34	REQUEST		myRequest1 Redirect 1	1534502965190	1534502965215	1534502965324	1534502965344	OK	 
Scenario1	4889676715450544557-34	USER	END	1534502965093	1534502965346
Scenario1	4889676715450544557-37	USER	START	1534502965390	0
Scenario1	4889676715450544557-36	REQUEST		myRequest1	1534502965291	1534502965318	1534502965397	1534502965397	OK	 
Scenario1	4889676715450544557-35	REQUEST		myRequest1 Redirect 1	1534502965291	1534502965318	1534502965429	1534502965449	OK	 
Scenario1	4889676715450544557-35	USER	END	1534502965192	1534502965451
Scenario1	4889676715450544557-37	REQUEST		myRequest1	1534502965390	1534502965412	1534502965486	1534502965486	OK	 
Scenario1	4889676715450544557-38	USER	START	1534502965494	0
Scenario1	4889676715450544557-36	REQUEST		myRequest1 Redirect 1	1534502965397	1534502965419	1534502965525	1534502965546	OK	 
Scenario1	4889676715450544557-36	USER	END	1534502965290	1534502965547
Scenario1	4889676715450544557-38	REQUEST		myRequest1	1534502965495	1534502965521	1534502965591	1534502965591	OK	 
Scenario1	4889676715450544557-39	USER	START	1534502965594	0
Scenario1	4889676715450544557-37	REQUEST		myRequest1 Redirect 1	1534502965487	1534502965519	1534502965620	1534502965640	OK	 
Scenario1	4889676715450544557-37	USER	END	1534502965390	1534502965642
Scenario1	4889676715450544557-39	REQUEST		myRequest1	1534502965594	1534502965619	1534502965691	1534502965691	OK	 
Scenario1	4889676715450544557-40	USER	START	1534502965692	0
Scenario1	4889676715450544557-38	REQUEST		myRequest1 Redirect 1	1534502965592	1534502965613	1534502965716	1534502965735	OK	 
Scenario1	4889676715450544557-38	USER	END	1534502965494	1534502965737
Scenario1	4889676715450544557-40	REQUEST		myRequest1	1534502965693	1534502965716	1534502965788	1534502965788	OK	 
Scenario1	4889676715450544557-41	USER	START	1534502965791	0
Scenario1	4889676715450544557-39	REQUEST		myRequest1 Redirect 1	1534502965692	1534502965716	1534502965815	1534502965835	OK	 
Scenario1	4889676715450544557-39	USER	END	1534502965594	1534502965837
Scenario1	4889676715450544557-41	REQUEST		myRequest1	1534502965791	1534502965814	1534502965885	1534502965885	OK	 
Scenario1	4889676715450544557-42	USER	START	1534502965890	0
Scenario1	4889676715450544557-40	REQUEST		myRequest1 Redirect 1	1534502965789	1534502965810	1534502965911	1534502965934	OK	 
Scenario1	4889676715450544557-40	USER	END	1534502965692	1534502965936
Scenario1	4889676715450544557-42	REQUEST		myRequest1	1534502965890	1534502965911	1534502965982	1534502965982	OK	 
Scenario1	4889676715450544557-43	USER	START	1534502965990	0
Scenario1	4889676715450544557-41	REQUEST		myRequest1 Redirect 1	1534502965886	1534502965908	1534502966005	1534502966023	OK	 
Scenario1	4889676715450544557-41	USER	END	1534502965791	1534502966025
Scenario1	4889676715450544557-43	REQUEST		myRequest1	1534502965990	1534502966012	1534502966082	1534502966082	OK	 
Scenario1	4889676715450544557-44	USER	START	1534502966090	0
Scenario1	4889676715450544557-42	REQUEST		myRequest1 Redirect 1	1534502965983	1534502966003	1534502966107	1534502966125	OK	 
Scenario1	4889676715450544557-42	USER	END	1534502965890	1534502966127
Scenario1	4889676715450544557-44	REQUEST		myRequest1	1534502966090	1534502966111	1534502966190	1534502966190	OK	 
Scenario1	4889676715450544557-45	USER	START	1534502966195	0
Scenario1	4889676715450544557-43	REQUEST		myRequest1 Redirect 1	1534502966083	1534502966107	1534502966210	1534502966227	OK	 
Scenario1	4889676715450544557-43	USER	END	1534502965990	1534502966228
Scenario1	4889676715450544557-46	USER	START	1534502966290	0
Scenario1	4889676715450544557-45	REQUEST		myRequest1	1534502966195	1534502966218	1534502966291	1534502966291	OK	 
Scenario1	4889676715450544557-44	REQUEST		myRequest1 Redirect 1	1534502966191	1534502966218	1534502966317	1534502966338	OK	 
Scenario1	4889676715450544557-44	USER	END	1534502966090	1534502966340
Scenario1	4889676715450544557-46	REQUEST		myRequest1	1534502966290	1534502966312	1534502966385	1534502966385	OK	 
Scenario1	4889676715450544557-47	USER	START	1534502966394	0
Scenario1	4889676715450544557-45	REQUEST		myRequest1 Redirect 1	1534502966292	1534502966312	1534502966415	1534502966434	OK	 
Scenario1	4889676715450544557-45	USER	END	1534502966195	1534502966436
Scenario1	4889676715450544557-48	USER	START	1534502966493	0
Scenario1	4889676715450544557-47	REQUEST		myRequest1	1534502966394	1534502966424	1534502966495	1534502966495	OK	 
Scenario1	4889676715450544557-46	REQUEST		myRequest1 Redirect 1	1534502966385	1534502966424	1534502966524	1534502966543	OK	 
Scenario1	4889676715450544557-46	USER	END	1534502966290	1534502966545
Scenario1	4889676715450544557-48	REQUEST		myRequest1	1534502966494	1534502966516	1534502966588	1534502966588	OK	 
Scenario1	4889676715450544557-49	USER	START	1534502966593	0
Scenario1	4889676715450544557-47	REQUEST		myRequest1 Redirect 1	1534502966495	1534502966516	1534502966618	1534502966638	OK	 
Scenario1	4889676715450544557-47	USER	END	1534502966394	1534502966639
Scenario1	4889676715450544557-49	REQUEST		myRequest1	1534502966593	1534502966616	1534502966686	1534502966686	OK	 
Scenario1	4889676715450544557-48	REQUEST		myRequest1 Redirect 1	1534502966589	1534502966610	1534502966708	1534502966728	OK	 
Scenario1	4889676715450544557-48	USER	END	1534502966493	1534502966729
Scenario1	4889676715450544557-49	REQUEST		myRequest1 Redirect 1	1534502966687	1534502966708	1534502966811	1534502966830	OK	 
Scenario1	4889676715450544557-49	USER	END	1534502966593	1534502966832
